<?xml version="1.0" encoding="UTF-8"?>
<!-- Generated by org.testng.reporters.JUnitReportReporter -->
<testsuite hostname="WKC001704394" name="com.msys.angular.ui.TestRunner.TestRunner" tests="1" failures="0" timestamp="9 Apr 2019 11:17:26 GMT" time="11.676" errors="0">
  <testcase name="feature" time="11.676" classname="com.msys.angular.ui.TestRunner.TestRunner"/>
</testsuite> <!-- com.msys.angular.ui.TestRunner.TestRunner -->
